C51 COMPILER V9.60.0.0   DIGTUBE                                                           12/19/2021 13:55:36 PAGE 1   


C51 COMPILER V9.60.0.0, COMPILATION OF MODULE DIGTUBE
OBJECT MODULE PLACED IN .\Objects\digtube.obj
COMPILER INVOKED BY: C:\Keil_v5\C51\BIN\C51.EXE Library\digtube.c OPTIMIZE(0,SPEED) BROWSE INCDIR(.\Library;.\User;..\MP
                    -U6050_51) DEBUG OBJECTEXTEND PRINT(.\Listings\digtube.lst) TABS(2) OBJECT(.\Objects\digtube.obj)

line level    source

   1          #include "digtube.h"
   2          
   3          
   4          static unsigned char  dec_list[10]  ={0x3f,0x06,0x5b,0x4f,0x66,0x6d,0x7d,0x07,0x7f,0x6f};// 显示段码值0~9
   5          static unsigned char  control_code[]={0xfe,0xfd,0xfb,0xf7,0xef,0xdf,0xbf,0x7f};//分别对应相应的数码管点亮,
             -即位码
   6          
   7          
   8          unsigned char digtube_buffer[4] ={0} ;
   9          
  10          static void delay_dig(unsigned int i)
  11          {
  12   1        while(i--); 
  13   1      }   
  14            
  15          void DigTube_Display()
  16          {
  17   1        unsigned char i=0;
  18   1        for(i=0;i<4;i++)
  19   1        {
  20   2          switch(i)  //位选，选择点亮的数码管，
  21   2          {
  22   3      
  23   3            case(0):
  24   3              DIGTUBE_CON= control_code[2]; break;//显示第1位
  25   3            case(1):
  26   3              DIGTUBE_CON= control_code[3];break;//显示第2位
  27   3            case(2):
  28   3              DIGTUBE_CON= control_code[1];break;//显示第3位
  29   3            case(3):
  30   3              DIGTUBE_CON= control_code[0];break;//显示第4位
  31   3          }
  32   2          DIGTUBE_SEG=digtube_buffer[i];//发送段码
  33   2          delay_dig(100); //间隔一段时间扫描  
  34   2          DIGTUBE_SEG=0x00;//消隐
  35   2        }
  36   1      } 
  37          
  38          void DigTube_LoadNum(unsigned int num)
  39          {
  40   1            int temp = num ;
  41   1             digtube_buffer[0]=dec_list[ (temp/1000) %10];
  42   1             digtube_buffer[1]=dec_list[ (temp/100)  %10];
  43   1             digtube_buffer[2]=dec_list[ (temp/10)   %10];
  44   1             digtube_buffer[3]=dec_list[ (temp/1)    %10];
  45   1            return ;
  46   1      }
  47          
  48          void DigTube_LoadDirection(enum direction dir)
  49          {
  50   1        switch(dir)
  51   1        {
  52   2          case CENTER : digtube_buffer[0] = 0x00; digtube_buffer[1] = 0x40; digtube_buffer[2] = 0x40; digtube_buff
             -er[3] = 0x00; break;
C51 COMPILER V9.60.0.0   DIGTUBE                                                           12/19/2021 13:55:36 PAGE 2   

  53   2          case RIGHT  : digtube_buffer[0] = 0x00; digtube_buffer[1] = 0x00; digtube_buffer[2] = 0x00; digtube_buff
             -er[3] = 0x06; break;
  54   2          case UP     : digtube_buffer[0] = 0x00; digtube_buffer[1] = 0x01; digtube_buffer[2] = 0x01; digtube_buff
             -er[3] = 0x00; break;
  55   2          case LEFT   : digtube_buffer[0] = 0x30; digtube_buffer[1] = 0x00; digtube_buffer[2] = 0x00; digtube_buff
             -er[3] = 0x00; break;
  56   2          case DOWN   : digtube_buffer[0] = 0x00; digtube_buffer[1] = 0x08; digtube_buffer[2] = 0x08; digtube_buff
             -er[3] = 0x00; break;
  57   2        }
  58   1      }


MODULE INFORMATION:   STATIC OVERLAYABLE
   CODE SIZE        =    312    ----
   CONSTANT SIZE    =   ----    ----
   XDATA SIZE       =   ----    ----
   PDATA SIZE       =   ----    ----
   DATA SIZE        =     30    ----
   IDATA SIZE       =   ----    ----
   BIT SIZE         =   ----    ----
END OF MODULE INFORMATION.


C51 COMPILATION COMPLETE.  0 WARNING(S),  0 ERROR(S)
