C51 COMPILER V9.60.0.0   MAIN                                                              12/19/2021 01:23:45 PAGE 1   


C51 COMPILER V9.60.0.0, COMPILATION OF MODULE MAIN
OBJECT MODULE PLACED IN .\Objects\main.obj
COMPILER INVOKED BY: C:\Keil_v5\C51\BIN\C51.EXE main.c OPTIMIZE(8,SPEED) BROWSE INCDIR(.\Library;.\User;..\MPU6050_51) D
                    -EBUG OBJECTEXTEND PRINT(.\Listings\main.lst) TABS(2) OBJECT(.\Objects\main.obj)

line level    source

   1          #include <STC89C5xRC.H>
   2          #include "mpu6050.h"
   3          #include "digtube.h"
   4          //*********************************************************
   5          //主程序
   6          //*********************************************************
   7          void main()
   8          {
   9   1        unsigned int i = 1234;
  10   1        delay(500);   //上电延时
  11   1      
  12   1        InitMPU6050();  //初始化MPU6050
  13   1        delay(150);
  14   1        DigTube_LoadNum(i);
  15   1        while(1)
  16   1        {
  17   2      
  18   2          DigTube_Display();
  19   2        }
  20   1      }


MODULE INFORMATION:   STATIC OVERLAYABLE
   CODE SIZE        =     35    ----
   CONSTANT SIZE    =   ----    ----
   XDATA SIZE       =   ----    ----
   PDATA SIZE       =   ----    ----
   DATA SIZE        =   ----       2
   IDATA SIZE       =   ----    ----
   BIT SIZE         =   ----    ----
END OF MODULE INFORMATION.


C51 COMPILATION COMPLETE.  0 WARNING(S),  0 ERROR(S)
